

HI-TECH Software PIC LITE Macro Assembler V9.83 build 10920 
                                                                                               Thu Sep 05 13:58:50 2013

HI-TECH Software Omniscient Code Generator (Lite mode) build 10920
     1  0000                     opt subtitle "HI-TECH Software Omniscient Code Generator (Lite mode) build 10920"
     2                           
     3                           opt pagewidth 120
     4                           
     5                           	opt lm
     6                           
     7                           	processor	16F1946
     8                           clrc	macro
     9                           	bcf	3,0
    10  0000                     	endm
    11                           clrz	macro
    12                           	bcf	3,2
    13  0000                     	endm
    14                           setc	macro
    15                           	bsf	3,0
    16  0000                     	endm
    17                           setz	macro
    18                           	bsf	3,2
    19  0000                     	endm
    20                           skipc	macro
    21                           	btfss	3,0
    22  0000                     	endm
    23                           skipz	macro
    24                           	btfss	3,2
    25  0000                     	endm
    26                           skipnc	macro
    27                           	btfsc	3,0
    28  0000                     	endm
    29                           skipnz	macro
    30                           	btfsc	3,2
    31  0000                     	endm
    32  0000                     indf	equ	0
    33  0000                     indf0	equ	0
    34  0001                     indf1	equ	1
    35  0002                     pc	equ	2
    36  0002                     pcl	equ	2
    37  0003                     status	equ	3
    38  0004                     fsr0l	equ	4
    39  0005                     fsr0h	equ	5
    40  0006                     fsr1l	equ	6
    41  0007                     fsr1h	equ	7
    42  0008                     bsr	equ	8
    43  0009                     wreg	equ	9
    44  000B                     intcon	equ	11
    45  0001                     c	equ	1
    46  0000                     z	equ	0
    47  000A                     pclath	equ	10
    48                           	FNROOT	_main
    49                           	FNCALL	intlevel1,_isr
    50                           	global	intlevel1
    51                           	FNROOT	intlevel1
    52                           	global	_count
    53                           	global	_flag
    54                           	global	_TMR1
    55                           psect	intentry,class=CODE,delta=2
    56                           global __pintentry
    57  0004                     __pintentry:
    58  0016                     _TMR1	set	22
    59                           	global	_INTCONbits
    60  000B                     _INTCONbits	set	11
    61                           	global	_PIR1bits
    62  0011                     _PIR1bits	set	17
    63                           	global	_PIR2bits
    64  0012                     _PIR2bits	set	18
    65                           	global	_T1CON
    66  0018                     _T1CON	set	24
    67                           	global	_T1CONbits
    68  0018                     _T1CONbits	set	24
    69                           	global	_CARRY
    70  0018                     _CARRY	set	24
    71                           	global	_GIE
    72  005F                     _GIE	set	95
    73                           	global	_PIE2bits
    74  0092                     _PIE2bits	set	146
    75                           	global	_TRISCbits
    76  008E                     _TRISCbits	set	142
    77                           	global	_APFCONbits
    78  011D                     _APFCONbits	set	285
    79                           	global	_EEADR
    80  0191                     _EEADR	set	401
    81                           	global	_EECON1
    82  0195                     _EECON1	set	405
    83                           	global	_EECON2
    84  0196                     _EECON2	set	406
    85                           	global	_EEDATA
    86  0193                     _EEDATA	set	403
    87                           	global	_RD
    88  0CA8                     _RD	set	3240
    89                           	global	_WR
    90  0CA9                     _WR	set	3241
    91                           	global	_WREN
    92  0CAA                     _WREN	set	3242
    93                           	global	_CCP2CONbits
    94  029A                     _CCP2CONbits	set	666
    95                           	global	_CCPR1L
    96  0291                     _CCPR1L	set	657
    97                           	file	"pwm.as"
    98                           	line	#
    99                           psect cinit,class=CODE,delta=2
   100                           global start_initialization
   101  004E                     start_initialization:
   102                           
   103                           psect	bssCOMMON,class=COMMON,space=1
   104                           global __pbssCOMMON
   105  0070                     __pbssCOMMON:
   106  0070                     _count:
   107  0070                            ds      2
   108                           
   109  0072                     _flag:
   110  0072                            ds      1
   111                           
   112                           ; Clear objects allocated to COMMON
   113                           psect cinit,class=CODE,delta=2
   114                           	global __pbssCOMMON
   115  004E  01F0               	clrf	((__pbssCOMMON)+0)&07Fh
   116  004F  01F1               	clrf	((__pbssCOMMON)+1)&07Fh
   117  0050  01F2               	clrf	((__pbssCOMMON)+2)&07Fh
   118                           psect cinit,class=CODE,delta=2
   119                           global end_of_initialization
   120                           
   121                           ;End of C runtime variable initialization code
   122                           
   123  0051                     end_of_initialization:
   124  0051  0020               movlb 0
   125  0052  3180  2839         ljmp _main	;jump to C main() function
   126                           psect	cstackCOMMON,class=COMMON,space=1
   127                           global __pcstackCOMMON
   128  0073                     __pcstackCOMMON:
   129                           	global	?_isr
   130  0073                     ?_isr:	; 0 bytes @ 0x0
   131                           	global	??_isr
   132  0073                     ??_isr:	; 0 bytes @ 0x0
   133                           	global	?_main
   134  0073                     ?_main:	; 0 bytes @ 0x0
   135  0073                     	ds	3
   136                           	global	??_main
   137  0076                     ??_main:	; 0 bytes @ 0x3
   138 ;;Data sizes: Strings 0, constant 0, data 0, bss 3, persistent 0 stack 0
   139 ;;Auto spaces:   Size  Autos    Used
   140 ;; COMMON          14      3       6
   141 ;; BANK0           80      0       0
   142 ;; BANK1           80      0       0
   143 ;; BANK2           80      0       0
   144 ;; BANK3           80      0       0
   145 ;; BANK4           80      0       0
   146 ;; BANK5           80      0       0
   147 ;; BANK6           16      0       0
   148                           
   149 ;;
   150 ;; Pointer list with targets:
   151                           
   152                           
   153                           
   154 ;;
   155 ;; Critical Paths under _main in COMMON
   156 ;;
   157 ;;   None.
   158 ;;
   159 ;; Critical Paths under _isr in COMMON
   160 ;;
   161 ;;   None.
   162 ;;
   163 ;; Critical Paths under _main in BANK0
   164 ;;
   165 ;;   None.
   166 ;;
   167 ;; Critical Paths under _isr in BANK0
   168 ;;
   169 ;;   None.
   170 ;;
   171 ;; Critical Paths under _main in BANK1
   172 ;;
   173 ;;   None.
   174 ;;
   175 ;; Critical Paths under _isr in BANK1
   176 ;;
   177 ;;   None.
   178 ;;
   179 ;; Critical Paths under _main in BANK2
   180 ;;
   181 ;;   None.
   182 ;;
   183 ;; Critical Paths under _isr in BANK2
   184 ;;
   185 ;;   None.
   186 ;;
   187 ;; Critical Paths under _main in BANK3
   188 ;;
   189 ;;   None.
   190 ;;
   191 ;; Critical Paths under _isr in BANK3
   192 ;;
   193 ;;   None.
   194 ;;
   195 ;; Critical Paths under _main in BANK4
   196 ;;
   197 ;;   None.
   198 ;;
   199 ;; Critical Paths under _isr in BANK4
   200 ;;
   201 ;;   None.
   202 ;;
   203 ;; Critical Paths under _main in BANK5
   204 ;;
   205 ;;   None.
   206 ;;
   207 ;; Critical Paths under _isr in BANK5
   208 ;;
   209 ;;   None.
   210 ;;
   211 ;; Critical Paths under _main in BANK6
   212 ;;
   213 ;;   None.
   214 ;;
   215 ;; Critical Paths under _isr in BANK6
   216 ;;
   217 ;;   None.
   218                           
   219 ;;
   220 ;;Main: autosize = 0, tempsize = 0, incstack = 0, save=0
   221 ;;
   222                           
   223 ;;
   224 ;;Call Graph Tables:
   225 ;;
   226 ;; ---------------------------------------------------------------------------------
   227 ;; (Depth) Function   	        Calls       Base Space   Used Autos Params    Refs
   228 ;; ---------------------------------------------------------------------------------
   229 ;; (0) _main                                                 0     0      0       0
   230 ;; ---------------------------------------------------------------------------------
   231 ;; Estimated maximum stack depth 0
   232 ;; ---------------------------------------------------------------------------------
   233 ;; (Depth) Function   	        Calls       Base Space   Used Autos Params    Refs
   234 ;; ---------------------------------------------------------------------------------
   235 ;; (1) _isr                                                  3     3      0       0
   236 ;;                                              0 COMMON     3     3      0
   237 ;; ---------------------------------------------------------------------------------
   238 ;; Estimated maximum stack depth 1
   239 ;; ---------------------------------------------------------------------------------
   240                           
   241 ;; Call Graph Graphs:
   242                           
   243 ;; _main (ROOT)
   244 ;;
   245 ;; _isr (ROOT)
   246 ;;
   247                           
   248 ;; Address spaces:
   249                           
   250 ;;Name               Size   Autos  Total    Cost      Usage
   251 ;;BIGRAM             1F0      0       0       0        0.0%
   252 ;;EEDATA             100      0       0       0        0.0%
   253 ;;NULL                 0      0       0       0        0.0%
   254 ;;CODE                 0      0       0       0        0.0%
   255 ;;BITCOMMON            E      0       0       1        0.0%
   256 ;;BITSFR0              0      0       0       1        0.0%
   257 ;;SFR0                 0      0       0       1        0.0%
   258 ;;COMMON               E      3       6       2       42.9%
   259 ;;BITSFR1              0      0       0       2        0.0%
   260 ;;SFR1                 0      0       0       2        0.0%
   261 ;;BITSFR2              0      0       0       3        0.0%
   262 ;;SFR2                 0      0       0       3        0.0%
   263 ;;STACK                0      0       0       3        0.0%
   264 ;;BITSFR3              0      0       0       4        0.0%
   265 ;;SFR3                 0      0       0       4        0.0%
   266 ;;ABS                  0      0       6       4        0.0%
   267 ;;BITBANK0            50      0       0       5        0.0%
   268 ;;BITSFR4              0      0       0       5        0.0%
   269 ;;SFR4                 0      0       0       5        0.0%
   270 ;;BANK0               50      0       0       6        0.0%
   271 ;;BITSFR5              0      0       0       6        0.0%
   272 ;;SFR5                 0      0       0       6        0.0%
   273 ;;BITBANK1            50      0       0       7        0.0%
   274 ;;BITSFR6              0      0       0       7        0.0%
   275 ;;SFR6                 0      0       0       7        0.0%
   276 ;;BANK1               50      0       0       8        0.0%
   277 ;;BITSFR7              0      0       0       8        0.0%
   278 ;;SFR7                 0      0       0       8        0.0%
   279 ;;BITBANK2            50      0       0       9        0.0%
   280 ;;BITSFR8              0      0       0       9        0.0%
   281 ;;SFR8                 0      0       0       9        0.0%
   282 ;;BANK2               50      0       0      10        0.0%
   283 ;;BITSFR9              0      0       0      10        0.0%
   284 ;;SFR9                 0      0       0      10        0.0%
   285 ;;BITBANK3            50      0       0      11        0.0%
   286 ;;BITSFR10             0      0       0      11        0.0%
   287 ;;SFR10                0      0       0      11        0.0%
   288 ;;BANK3               50      0       0      12        0.0%
   289 ;;BITSFR11             0      0       0      12        0.0%
   290 ;;SFR11                0      0       0      12        0.0%
   291 ;;BITBANK4            50      0       0      13        0.0%
   292 ;;BITSFR12             0      0       0      13        0.0%
   293 ;;SFR12                0      0       0      13        0.0%
   294 ;;BANK4               50      0       0      14        0.0%
   295 ;;BITSFR13             0      0       0      14        0.0%
   296 ;;SFR13                0      0       0      14        0.0%
   297 ;;BITBANK5            50      0       0      15        0.0%
   298 ;;BITSFR14             0      0       0      15        0.0%
   299 ;;SFR14                0      0       0      15        0.0%
   300 ;;BANK5               50      0       0      16        0.0%
   301 ;;BITSFR15             0      0       0      16        0.0%
   302 ;;SFR15                0      0       0      16        0.0%
   303 ;;BITBANK6            10      0       0      17        0.0%
   304 ;;BITSFR16             0      0       0      17        0.0%
   305 ;;SFR16                0      0       0      17        0.0%
   306 ;;BANK6               10      0       0      18        0.0%
   307 ;;BITSFR17             0      0       0      18        0.0%
   308 ;;SFR17                0      0       0      18        0.0%
   309 ;;BITSFR18             0      0       0      19        0.0%
   310 ;;SFR18                0      0       0      19        0.0%
   311 ;;DATA                 0      0       6      19        0.0%
   312 ;;BITSFR19             0      0       0      20        0.0%
   313 ;;SFR19                0      0       0      20        0.0%
   314 ;;BITSFR20             0      0       0      21        0.0%
   315 ;;SFR20                0      0       0      21        0.0%
   316 ;;BITSFR21             0      0       0      22        0.0%
   317 ;;SFR21                0      0       0      22        0.0%
   318 ;;BITSFR22             0      0       0      23        0.0%
   319 ;;SFR22                0      0       0      23        0.0%
   320 ;;BITSFR23             0      0       0      24        0.0%
   321 ;;SFR23                0      0       0      24        0.0%
   322 ;;BITSFR24             0      0       0      25        0.0%
   323 ;;SFR24                0      0       0      25        0.0%
   324 ;;BITSFR25             0      0       0      26        0.0%
   325 ;;SFR25                0      0       0      26        0.0%
   326 ;;BITSFR26             0      0       0      27        0.0%
   327 ;;SFR26                0      0       0      27        0.0%
   328 ;;BITSFR27             0      0       0      28        0.0%
   329 ;;SFR27                0      0       0      28        0.0%
   330 ;;BITSFR28             0      0       0      29        0.0%
   331 ;;SFR28                0      0       0      29        0.0%
   332 ;;BITSFR29             0      0       0      30        0.0%
   333 ;;SFR29                0      0       0      30        0.0%
   334 ;;BITSFR30             0      0       0      31        0.0%
   335 ;;SFR30                0      0       0      31        0.0%
   336 ;;BITSFR31             0      0       0      32        0.0%
   337 ;;SFR31                0      0       0      32        0.0%
   338                           
   339                           	global	_main
   340                           psect	maintext,global,class=CODE,delta=2
   341                           global __pmaintext
   342  0039                     __pmaintext:
   343                           
   344 ;; *************** function _main *****************
   345 ;; Defined at:
   346 ;;		line 29 in file "C:\Program Files (x86)\Microchip\MPLAB C30\support\dsPIC33F\gld\pwm.c"
   347 ;; Parameters:    Size  Location     Type
   348 ;;		None
   349 ;; Auto vars:     Size  Location     Type
   350 ;;		None
   351 ;; Return value:  Size  Location     Type
   352 ;;		None               void
   353 ;; Registers used:
   354 ;;		wreg, status,2, status,0
   355 ;; Tracked objects:
   356 ;;		On entry : 17F/0
   357 ;;		On exit  : 0/0
   358 ;;		Unchanged: 0/0
   359 ;; Data sizes:     COMMON   BANK0   BANK1   BANK2   BANK3   BANK4   BANK5   BANK6
   360 ;;      Params:         0       0       0       0       0       0       0       0
   361 ;;      Locals:         0       0       0       0       0       0       0       0
   362 ;;      Temps:          0       0       0       0       0       0       0       0
   363 ;;      Totals:         0       0       0       0       0       0       0       0
   364 ;;Total ram usage:        0 bytes
   365 ;; Hardware stack levels required when called:    1
   366 ;; This function calls:
   367 ;;		Nothing
   368 ;; This function is called by:
   369 ;;		Startup code after reset
   370 ;; This function uses a non-reentrant model
   371 ;;
   372                           psect	maintext
   373                           	file	"C:\Program Files (x86)\Microchip\MPLAB C30\support\dsPIC33F\gld\pwm.c"
   374                           	line	29
   375                           	global	__size_of_main
   376  0015                     	__size_of_main	equ	__end_of_main-_main
   377                           	
   378  0039                     _main:	
   379                           	opt	stack 15
   380                           ; Regs used in _main: [wreg+status,2+status,0]
   381                           	line	49
   382                           	
   383  0039                     l5664:	
   384                           ;pwm.c: 49: TRISCbits.TRISC1 = 1;
   385  0039  0021               	movlb 1	; select bank1
   386  003A  148E               	bsf	(142)^080h,1	;volatile
   387                           	line	50
   388                           ;pwm.c: 50: APFCONbits.CCP2SEL=0;
   389  003B  0022               	movlb 2	; select bank2
   390  003C  111D               	bcf	(285)^0100h,2	;volatile
   391                           	line	51
   392                           	
   393  003D                     l5666:	
   394                           ;pwm.c: 51: CCP2CONbits.CCP2M = 0b00000101;
   395  003D  0025               	movlb 5	; select bank5
   396  003E  081A               	movf	(666)^0280h,w	;volatile
   397  003F  39F0               	andlw	not (((1<<4)-1)<<0)
   398  0040  3805               	iorlw	(05h & ((1<<4)-1))<<0
   399  0041  009A               	movwf	(666)^0280h	;volatile
   400                           	line	52
   401                           	
   402  0042                     l5668:	
   403                           ;pwm.c: 52: PIR1bits.TMR2IF = 0;
   404  0042  0020               	movlb 0	; select bank0
   405  0043  1091               	bcf	(17),1	;volatile
   406                           	line	53
   407                           	
   408  0044                     l5670:	
   409                           ;pwm.c: 53: PIE2bits.CCP2IE = 1;
   410  0044  0021               	movlb 1	; select bank1
   411  0045  1412               	bsf	(146)^080h,0	;volatile
   412                           	line	54
   413                           	
   414  0046                     l5672:	
   415                           ;pwm.c: 54: INTCONbits.GIE = 1;
   416  0046  178B               	bsf	(11),7	;volatile
   417                           	line	55
   418                           	
   419  0047                     l5674:	
   420                           ;pwm.c: 55: INTCONbits.PEIE = 1;
   421  0047  170B               	bsf	(11),6	;volatile
   422                           	line	57
   423                           	
   424  0048                     l5676:	
   425                           ;pwm.c: 57: T1CON = 0x00;
   426  0048  0020               	movlb 0	; select bank0
   427  0049  0198               	clrf	(24)	;volatile
   428  004A  284B               	goto	l2753
   429                           	line	58
   430                           ;pwm.c: 58: while(1);
   431                           	
   432  004B                     l2752:	
   433                           	
   434  004B                     l2753:	
   435  004B  284B               	goto	l2753
   436                           	
   437  004C                     l2754:	
   438                           	line	59
   439                           	
   440  004C                     l2755:	
   441                           	global	start
   442  004C  3180  2836         	ljmp	start
   443                           	opt stack 0
   444                           GLOBAL	__end_of_main
   445  004E                     	__end_of_main:
   446 ;; =============== function _main ends ============
   447                           
   448                           	signat	_main,88
   449                           	global	_isr
   450                           psect	intentry
   451                           
   452 ;; *************** function _isr *****************
   453 ;; Defined at:
   454 ;;		line 7 in file "C:\Program Files (x86)\Microchip\MPLAB C30\support\dsPIC33F\gld\pwm.c"
   455 ;; Parameters:    Size  Location     Type
   456 ;;		None
   457 ;; Auto vars:     Size  Location     Type
   458 ;;		None
   459 ;; Return value:  Size  Location     Type
   460 ;;		None               void
   461 ;; Registers used:
   462 ;;		wreg, status,2, status,0
   463 ;; Tracked objects:
   464 ;;		On entry : 0/0
   465 ;;		On exit  : 0/0
   466 ;;		Unchanged: 0/0
   467 ;; Data sizes:     COMMON   BANK0   BANK1   BANK2   BANK3   BANK4   BANK5   BANK6
   468 ;;      Params:         0       0       0       0       0       0       0       0
   469 ;;      Locals:         0       0       0       0       0       0       0       0
   470 ;;      Temps:          3       0       0       0       0       0       0       0
   471 ;;      Totals:         3       0       0       0       0       0       0       0
   472 ;;Total ram usage:        3 bytes
   473 ;; Hardware stack levels used:    1
   474 ;; This function calls:
   475 ;;		Nothing
   476 ;; This function is called by:
   477 ;;		Interrupt level 1
   478 ;; This function uses a non-reentrant model
   479 ;;
   480                           psect	intentry
   481                           	file	"C:\Program Files (x86)\Microchip\MPLAB C30\support\dsPIC33F\gld\pwm.c"
   482                           	line	7
   483                           	global	__size_of_isr
   484  0032                     	__size_of_isr	equ	__end_of_isr-_isr
   485                           	
   486  0004                     _isr:	
   487                           	opt	stack 15
   488                           ; Regs used in _isr: [wreg+status,2+status,0]
   489                           psect	intentry
   490  0004  3180               	pagesel	$
   491  0005  0020               	movlb 0	; select bank0
   492  0006  087F               	movf	btemp+1,w
   493  0007  00F5               	movwf	(??_isr+2)
   494                           	line	8
   495                           	
   496  0008                     i1l5642:	
   497                           ;pwm.c: 8: if(flag == 0)
   498  0008  08F2               	movf	(_flag),f
   499  0009  1D03               	skipz
   500  000A  280C               	goto	u1_21
   501  000B  280D               	goto	u1_20
   502  000C                     u1_21:
   503  000C  281C               	goto	i1l5654
   504  000D                     u1_20:
   505                           	line	10
   506                           	
   507  000D                     i1l5644:	
   508                           ;pwm.c: 9: {
   509                           ;pwm.c: 10: T1CONbits.TMR1ON = 1;
   510  000D  1418               	bsf	(24),0	;volatile
   511                           	line	11
   512                           	
   513  000E                     i1l5646:	
   514                           ;pwm.c: 11: TMR1 = 0;
   515  000E  0196               	clrf	(22)	;volatile
   516  000F  0197               	clrf	(22+1)	;volatile
   517                           	line	13
   518                           	
   519  0010                     i1l5648:	
   520                           ;pwm.c: 13: PIR2bits.CCP2IF = 0;
   521  0010  1012               	bcf	(18),0	;volatile
   522                           	line	14
   523                           	
   524  0011                     i1l5650:	
   525                           ;pwm.c: 14: count = CCPR1L;
   526  0011  0025               	movlb 5	; select bank5
   527  0012  0811               	movf	(657)^0280h,w	;volatile
   528  0013  00F3               	movwf	(??_isr+0)+0
   529  0014  01F4               	clrf	(??_isr+0)+0+1
   530  0015  0873               	movf	0+(??_isr+0)+0,w
   531  0016  00F0               	movwf	(_count)
   532  0017  0874               	movf	1+(??_isr+0)+0,w
   533  0018  00F1               	movwf	(_count+1)
   534                           	line	15
   535                           	
   536  0019                     i1l5652:	
   537                           ;pwm.c: 15: PIR2bits.CCP2IF = 0;
   538  0019  0020               	movlb 0	; select bank0
   539  001A  1012               	bcf	(18),0	;volatile
   540  001B  281C               	goto	i1l5654
   541                           	line	16
   542                           	
   543  001C                     i1l2747:	
   544                           	line	17
   545                           	
   546  001C                     i1l5654:	
   547                           ;pwm.c: 16: }
   548                           ;pwm.c: 17: if(flag == 1)
   549  001C  0872               	movf	(_flag),w
   550  001D  3A01               	xorlw	01h&0ffh
   551  001E  1D03               	skipz
   552  001F  2821               	goto	u2_21
   553  0020  2822               	goto	u2_20
   554  0021                     u2_21:
   555  0021  282B               	goto	i1l5662
   556  0022                     u2_20:
   557                           	line	19
   558                           	
   559  0022                     i1l5656:	
   560                           ;pwm.c: 18: {
   561                           ;pwm.c: 19: count = TMR1;
   562  0022  0817               	movf	(22+1),w	;volatile
   563  0023  01F1               	clrf	(_count+1)	;volatile
   564  0024  07F1               	addwf	(_count+1)	;volatile
   565  0025  0816               	movf	(22),w	;volatile
   566  0026  01F0               	clrf	(_count)	;volatile
   567  0027  07F0               	addwf	(_count)	;volatile
   568                           
   569                           	line	20
   570                           	
   571  0028                     i1l5658:	
   572                           ;pwm.c: 20: flag = 0;
   573  0028  01F2               	clrf	(_flag)
   574                           	line	21
   575                           	
   576  0029                     i1l5660:	
   577                           ;pwm.c: 21: PIR2bits.CCP2IF = 0;
   578  0029  1012               	bcf	(18),0	;volatile
   579  002A  282B               	goto	i1l5662
   580                           	line	22
   581                           	
   582  002B                     i1l2748:	
   583                           	line	23
   584                           	
   585  002B                     i1l5662:	
   586                           ;pwm.c: 22: }
   587                           ;pwm.c: 23: flag = !flag;
   588  002B  0872               	movf	(_flag),w
   589  002C  3A00               	xorlw	0&0ffh
   590  002D  3000               	movlw	0
   591  002E  1903               	skipnz
   592  002F  3001               	movlw	1
   593  0030  00F3               	movwf	(??_isr+0)+0
   594  0031  0873               	movf	(??_isr+0)+0,w
   595  0032  00F2               	movwf	(_flag)
   596                           	line	25
   597                           	
   598  0033                     i1l2749:	
   599  0033  0875               	movf	(??_isr+2),w
   600  0034  00FF               	movwf	btemp+1
   601  0035  0009               	retfie
   602                           	opt stack 0
   603                           GLOBAL	__end_of_isr
   604  0036                     	__end_of_isr:
   605 ;; =============== function _isr ends ============
   606                           
   607                           	signat	_isr,88
   608                           psect	intentry
   609                           	global	btemp
   610  007E                     	btemp set 07Eh
   611                           
   612                           	DABS	1,126,2	;btemp
   613                           	global	wtemp0
   614  007E                     	wtemp0 set btemp


HI-TECH Software PICC Macro Assembler V9.83 build 10920 
Symbol Table                                                                                   Thu Sep 05 13:58:50 2013

                  _RD 0CA8                    _WR 0CA9                   _GIE 005F                   _isr 0004  
                l2752 004B                  l2753 004B                  l2754 004C                  l2755 004C  
                l5670 0044                  l5672 0046                  l5664 0039                  l5674 0047  
                l5666 003D                  l5676 0048                  l5668 0042                  ?_isr 0073  
                _TMR1 0016                  _WREN 0CAA                  u1_20 000D                  u1_21 000C  
                u2_20 0022                  u2_21 0021                  _flag 0072                  _main 0039  
                btemp 007E                  start 0036                 ??_isr 0073                 ?_main 0073  
               _EEADR 0191                 _CARRY 0018                 _T1CON 0018                 _count 0070  
               wtemp0 007E          __end_of_main 004E                ??_main 0076                _EEDATA 0193  
              _CCPR1L 0291                _EECON1 0195                _EECON2 0196                i1l2747 001C  
              i1l2748 002B                i1l2749 0033                i1l5650 0011                i1l5642 0008  
              i1l5660 0029                i1l5652 0019                i1l5644 000D                i1l5662 002B  
              i1l5646 000E                i1l5654 001C                i1l5656 0022                i1l5648 0010  
              i1l5658 0028        __pcstackCOMMON 0073            __pmaintext 0039            __pintentry 0004  
           _T1CONbits 0018          __size_of_isr 0032  end_of_initialization 0051             _TRISCbits 008E  
         _CCP2CONbits 029A   start_initialization 004E           __end_of_isr 0036           __pbssCOMMON 0070  
            _PIE2bits 0092              _PIR1bits 0011              _PIR2bits 0012            _APFCONbits 011D  
       __size_of_main 0015            _INTCONbits 000B              intlevel1 0000  
